[debug] [2022-10-03T02:45:35.372Z] ----------------------------------------------------------------------
[debug] [2022-10-03T02:45:35.374Z] Command:       C:\Program Files\nodejs\node.exe C:\Users\User\AppData\Roaming\npm\node_modules\firebase-tools\lib\bin\firebase.js init
[debug] [2022-10-03T02:45:35.374Z] CLI Version:   11.13.0
[debug] [2022-10-03T02:45:35.374Z] Platform:      win32
[debug] [2022-10-03T02:45:35.374Z] Node Version:  v18.8.0
[debug] [2022-10-03T02:45:35.375Z] Time:          Sun Oct 02 2022 22:45:35 GMT-0400 (hora de verano oriental)
[debug] [2022-10-03T02:45:35.375Z] ----------------------------------------------------------------------
[debug] 
[debug] [2022-10-03T02:45:35.455Z] > command requires scopes: ["email","openid","https://www.googleapis.com/auth/cloudplatformprojects.readonly","https://www.googleapis.com/auth/firebase","https://www.googleapis.com/auth/cloud-platform"]
[debug] [2022-10-03T02:45:35.455Z] > authorizing via signed-in user (galain0106@gmail.com)
[info] 
     ######## #### ########  ######## ########     ###     ######  ########
     ##        ##  ##     ## ##       ##     ##  ##   ##  ##       ##
     ######    ##  ########  ######   ########  #########  ######  ######
     ##        ##  ##    ##  ##       ##     ## ##     ##       ## ##
     ##       #### ##     ## ######## ########  ##     ##  ######  ########

You're about to initialize a Firebase project in this directory:

  D:\Portfolio\client

Before we get started, keep in mind:

  * You are initializing within an existing Firebase project directory

[info] 
=== Project Setup
[info] 
[info] First, let's associate this project directory with a Firebase project.
[info] You can create multiple project aliases by running firebase use --add, 
[info] but for now we'll just set up a default project.
[info] 
[debug] [2022-10-03T02:46:32.891Z] Using project from CLI flag: portfolio
[debug] [2022-10-03T02:46:32.893Z] > refreshing access token with scopes: []
[debug] [2022-10-03T02:46:32.895Z] >>> [apiv2][query] POST https://www.googleapis.com/oauth2/v3/token [none]
[debug] [2022-10-03T02:46:32.895Z] >>> [apiv2][body] POST https://www.googleapis.com/oauth2/v3/token [omitted]
[debug] [2022-10-03T02:46:33.111Z] <<< [apiv2][status] POST https://www.googleapis.com/oauth2/v3/token 200
[debug] [2022-10-03T02:46:33.112Z] <<< [apiv2][body] POST https://www.googleapis.com/oauth2/v3/token [omitted]
[debug] [2022-10-03T02:46:33.131Z] >>> [apiv2][query] GET https://firebase.googleapis.com/v1beta1/projects/portfolio [none]
[debug] [2022-10-03T02:46:33.551Z] <<< [apiv2][status] GET https://firebase.googleapis.com/v1beta1/projects/portfolio 403
[debug] [2022-10-03T02:46:33.551Z] <<< [apiv2][body] GET https://firebase.googleapis.com/v1beta1/projects/portfolio {"error":{"code":403,"message":"The caller does not have permission","status":"PERMISSION_DENIED"}}
[debug] [2022-10-03T02:46:33.552Z] HTTP Error: 403, The caller does not have permission
[debug] [2022-10-03T02:46:33.553Z] FirebaseError: HTTP Error: 403, The caller does not have permission
    at responseToError (C:\Users\User\AppData\Roaming\npm\node_modules\firebase-tools\lib\responseToError.js:49:12)
    at RetryOperation._fn (C:\Users\User\AppData\Roaming\npm\node_modules\firebase-tools\lib\apiv2.js:288:77)
    at process.processTicksAndRejections (node:internal/process/task_queues:95:5)
[error] 
[error] Error: Failed to get Firebase project portfolio. Please make sure the project exists and your account has permission to access it.
